# JRE version: OpenJDK Runtime Environment (8.0_72-b05) (build 1.8.0_72-internal-b05)
# Java VM: OpenJDK 64-Bit Server VM (25.72-b05 mixed mode linux-amd64 compressed oops)
Heap:
 PSYoungGen      total 232960K, used 41247K [0x00000000eab00000, 0x0000000100000000, 0x0000000100000000)
  eden space 116736K, 0% used [0x00000000eab00000,0x00000000eab00000,0x00000000f1d00000)
  from space 116224K, 35% used [0x00000000f8e80000,0x00000000fb6c7c28,0x0000000100000000)
  to   space 116224K, 0% used [0x00000000f1d00000,0x00000000f1d00000,0x00000000f8e80000)
 ParOldGen       total 491008K, used 490764K [0x00000000c0000000, 0x00000000ddf80000, 0x00000000eab00000)
  object space 491008K, 99% used [0x00000000c0000000,0x00000000ddf433c0,0x00000000ddf80000)
 Metaspace       used 6557K, capacity 7280K, committed 7552K, reserved 1056768K
  class space    used 596K, capacity 616K, committed 640K, reserved 1048576K
GC Heap History (10 events):
Event: 61.962 GC heap after
Heap after GC invocations=31 (full 5):
 PSYoungGen      total 232960K, used 73379K [0x00000000eab00000, 0x0000000100000000, 0x0000000100000000)
  eden space 125440K, 0% used [0x00000000eab00000,0x00000000eab00000,0x00000000f2580000)
  from space 107520K, 68% used [0x00000000f9200000,0x00000000fd9a8ef8,0x00000000ffb00000)
  to   space 111104K, 0% used [0x00000000f2580000,0x00000000f2580000,0x00000000f9200000)
 ParOldGen       total 491008K, used 360426K [0x00000000c0000000, 0x00000000ddf80000, 0x00000000eab00000)
  object space 491008K, 73% used [0x00000000c0000000,0x00000000d5ffabc8,0x00000000ddf80000)
 Metaspace       used 6553K, capacity 7280K, committed 7552K, reserved 1056768K
  class space    used 595K, capacity 616K, committed 640K, reserved 1048576K
}
Event: 63.318 GC heap before
{Heap before GC invocations=32 (full 5):
 PSYoungGen      total 232960K, used 198819K [0x00000000eab00000, 0x0000000100000000, 0x0000000100000000)
  eden space 125440K, 100% used [0x00000000eab00000,0x00000000f2580000,0x00000000f2580000)
  from space 107520K, 68% used [0x00000000f9200000,0x00000000fd9a8ef8,0x00000000ffb00000)
  to   space 111104K, 0% used [0x00000000f2580000,0x00000000f2580000,0x00000000f9200000)
 ParOldGen       total 491008K, used 360426K [0x00000000c0000000, 0x00000000ddf80000, 0x00000000eab00000)
  object space 491008K, 73% used [0x00000000c0000000,0x00000000d5ffabc8,0x00000000ddf80000)
 Metaspace       used 6557K, capacity 7280K, committed 7552K, reserved 1056768K
  class space    used 596K, capacity 616K, committed 640K, reserved 1048576K
Event: 63.539 GC heap after
Heap after GC invocations=32 (full 5):
 PSYoungGen      total 210944K, used 85435K [0x00000000eab00000, 0x0000000100000000, 0x0000000100000000)
  eden space 125440K, 0% used [0x00000000eab00000,0x00000000eab00000,0x00000000f2580000)
  from space 85504K, 99% used [0x00000000f2580000,0x00000000f78eeea0,0x00000000f7900000)
  to   space 116224K, 0% used [0x00000000f8e80000,0x00000000f8e80000,0x0000000100000000)
 ParOldGen       total 491008K, used 360426K [0x00000000c0000000, 0x00000000ddf80000, 0x00000000eab00000)
  object space 491008K, 73% used [0x00000000c0000000,0x00000000d5ffabc8,0x00000000ddf80000)
 Metaspace       used 6557K, capacity 7280K, committed 7552K, reserved 1056768K
  class space    used 596K, capacity 616K, committed 640K, reserved 1048576K
}
Event: 68.905 GC heap before
{Heap before GC invocations=33 (full 5):
 PSYoungGen      total 210944K, used 210875K [0x00000000eab00000, 0x0000000100000000, 0x0000000100000000)
  eden space 125440K, 100% used [0x00000000eab00000,0x00000000f2580000,0x00000000f2580000)
  from space 85504K, 99% used [0x00000000f2580000,0x00000000f78eeea0,0x00000000f7900000)
  to   space 116224K, 0% used [0x00000000f8e80000,0x00000000f8e80000,0x0000000100000000)
 ParOldGen       total 491008K, used 360426K [0x00000000c0000000, 0x00000000ddf80000, 0x00000000eab00000)
  object space 491008K, 73% used [0x00000000c0000000,0x00000000d5ffabc8,0x00000000ddf80000)
 Metaspace       used 6557K, capacity 7280K, committed 7552K, reserved 1056768K
  class space    used 596K, capacity 616K, committed 640K, reserved 1048576K
Event: 69.260 GC heap after
Heap after GC invocations=33 (full 5):
 PSYoungGen      total 232960K, used 97372K [0x00000000eab00000, 0x0000000100000000, 0x0000000100000000)
  eden space 116736K, 0% used [0x00000000eab00000,0x00000000eab00000,0x00000000f1d00000)
  from space 116224K, 83% used [0x00000000f8e80000,0x00000000fed973b0,0x0000000100000000)
  to   space 116224K, 0% used [0x00000000f1d00000,0x00000000f1d00000,0x00000000f8e80000)
 ParOldGen       total 491008K, used 393514K [0x00000000c0000000, 0x00000000ddf80000, 0x00000000eab00000)
  object space 491008K, 80% used [0x00000000c0000000,0x00000000d804ab70,0x00000000ddf80000)
 Metaspace       used 6557K, capacity 7280K, committed 7552K, reserved 1056768K
  class space    used 596K, capacity 616K, committed 640K, reserved 1048576K
}
Event: 70.814 GC heap before
{Heap before GC invocations=34 (full 5):
 PSYoungGen      total 232960K, used 214108K [0x00000000eab00000, 0x0000000100000000, 0x0000000100000000)
  eden space 116736K, 100% used [0x00000000eab00000,0x00000000f1d00000,0x00000000f1d00000)
  from space 116224K, 83% used [0x00000000f8e80000,0x00000000fed973b0,0x0000000100000000)
  to   space 116224K, 0% used [0x00000000f1d00000,0x00000000f1d00000,0x00000000f8e80000)
 ParOldGen       total 491008K, used 393514K [0x00000000c0000000, 0x00000000ddf80000, 0x00000000eab00000)
  object space 491008K, 80% used [0x00000000c0000000,0x00000000d804ab70,0x00000000ddf80000)
 Metaspace       used 6557K, capacity 7280K, committed 7552K, reserved 1056768K
  class space    used 596K, capacity 616K, committed 640K, reserved 1048576K
Event: 71.269 GC heap after
Heap after GC invocations=34 (full 5):
 PSYoungGen      total 232960K, used 50009K [0x00000000eab00000, 0x0000000100000000, 0x0000000100000000)
  eden space 116736K, 0% used [0x00000000eab00000,0x00000000eab00000,0x00000000f1d00000)
  from space 116224K, 43% used [0x00000000f1d00000,0x00000000f4dd66f0,0x00000000f8e80000)
  to   space 116224K, 0% used [0x00000000f8e80000,0x00000000f8e80000,0x0000000100000000)
 ParOldGen       total 491008K, used 426467K [0x00000000c0000000, 0x00000000ddf80000, 0x00000000eab00000)
  object space 491008K, 86% used [0x00000000c0000000,0x00000000da078fe8,0x00000000ddf80000)
 Metaspace       used 6557K, capacity 7280K, committed 7552K, reserved 1056768K
  class space    used 596K, capacity 616K, committed 640K, reserved 1048576K
}
Event: 84.278 GC heap before
{Heap before GC invocations=35 (full 5):
 PSYoungGen      total 232960K, used 166745K [0x00000000eab00000, 0x0000000100000000, 0x0000000100000000)
  eden space 116736K, 100% used [0x00000000eab00000,0x00000000f1d00000,0x00000000f1d00000)
  from space 116224K, 43% used [0x00000000f1d00000,0x00000000f4dd66f0,0x00000000f8e80000)
  to   space 116224K, 0% used [0x00000000f8e80000,0x00000000f8e80000,0x0000000100000000)
 ParOldGen       total 491008K, used 426467K [0x00000000c0000000, 0x00000000ddf80000, 0x00000000eab00000)
  object space 491008K, 86% used [0x00000000c0000000,0x00000000da078fe8,0x00000000ddf80000)
 Metaspace       used 6557K, capacity 7280K, committed 7552K, reserved 1056768K
  class space    used 596K, capacity 616K, committed 640K, reserved 1048576K
Event: 84.609 GC heap after
Heap after GC invocations=35 (full 5):
 PSYoungGen      total 232960K, used 78334K [0x00000000eab00000, 0x0000000100000000, 0x0000000100000000)
  eden space 116736K, 0% used [0x00000000eab00000,0x00000000eab00000,0x00000000f1d00000)
  from space 116224K, 67% used [0x00000000f8e80000,0x00000000fdaffac0,0x0000000100000000)
  to   space 116224K, 0% used [0x00000000f1d00000,0x00000000f1d00000,0x00000000f8e80000)
 ParOldGen       total 491008K, used 456365K [0x00000000c0000000, 0x00000000ddf80000, 0x00000000eab00000)
  object space 491008K, 92% used [0x00000000c0000000,0x00000000dbdab4f8,0x00000000ddf80000)
 Metaspace       used 6557K, capacity 7280K, committed 7552K, reserved 1056768K
  class space    used 596K, capacity 616K, committed 640K, reserved 1048576K
}
Event: 84.609 GC heap before
{Heap before GC invocations=36 (full 6):
 PSYoungGen      total 232960K, used 78334K [0x00000000eab00000, 0x0000000100000000, 0x0000000100000000)
  eden space 116736K, 0% used [0x00000000eab00000,0x00000000eab00000,0x00000000f1d00000)
  from space 116224K, 67% used [0x00000000f8e80000,0x00000000fdaffac0,0x0000000100000000)
  to   space 116224K, 0% used [0x00000000f1d00000,0x00000000f1d00000,0x00000000f8e80000)
 ParOldGen       total 491008K, used 456365K [0x00000000c0000000, 0x00000000ddf80000, 0x00000000eab00000)
  object space 491008K, 92% used [0x00000000c0000000,0x00000000dbdab4f8,0x00000000ddf80000)
 Metaspace       used 6557K, capacity 7280K, committed 7552K, reserved 1056768K
  class space    used 596K, capacity 616K, committed 640K, reserved 1048576K

