# JRE version: OpenJDK Runtime Environment (8.0_72-b05) (build 1.8.0_72-internal-b05)
# Java VM: OpenJDK 64-Bit Server VM (25.72-b05 mixed mode linux-amd64 compressed oops)
Heap:
 PSYoungGen      total 171008K, used 21399K [0x00000000eab00000, 0x00000000ffb00000, 0x0000000100000000)
  eden space 116736K, 0% used [0x00000000eab00000,0x00000000eab00000,0x00000000f1d00000)
  from space 54272K, 39% used [0x00000000f1d00000,0x00000000f31e5ea0,0x00000000f5200000)
  to   space 113664K, 0% used [0x00000000f8c00000,0x00000000f8c00000,0x00000000ffb00000)
 ParOldGen       total 529408K, used 529059K [0x00000000c0000000, 0x00000000e0500000, 0x00000000eab00000)
  object space 529408K, 99% used [0x00000000c0000000,0x00000000e04a8cd8,0x00000000e0500000)
 Metaspace       used 6558K, capacity 7280K, committed 7552K, reserved 1056768K
  class space    used 597K, capacity 616K, committed 640K, reserved 1048576K
GC Heap History (10 events):
Event: 57.025 GC heap after
Heap after GC invocations=28 (full 5):
 PSYoungGen      total 232960K, used 39937K [0x00000000eab00000, 0x0000000100000000, 0x0000000100000000)
  eden space 116736K, 0% used [0x00000000eab00000,0x00000000eab00000,0x00000000f1d00000)
  from space 116224K, 34% used [0x00000000f1d00000,0x00000000f44005e8,0x00000000f8e80000)
  to   space 116224K, 0% used [0x00000000f8e80000,0x00000000f8e80000,0x0000000100000000)
 ParOldGen       total 529408K, used 379464K [0x00000000c0000000, 0x00000000e0500000, 0x00000000eab00000)
  object space 529408K, 71% used [0x00000000c0000000,0x00000000d72920f0,0x00000000e0500000)
 Metaspace       used 6548K, capacity 7280K, committed 7552K, reserved 1056768K
  class space    used 596K, capacity 616K, committed 640K, reserved 1048576K
}
Event: 58.250 GC heap before
{Heap before GC invocations=29 (full 5):
 PSYoungGen      total 232960K, used 156673K [0x00000000eab00000, 0x0000000100000000, 0x0000000100000000)
  eden space 116736K, 100% used [0x00000000eab00000,0x00000000f1d00000,0x00000000f1d00000)
  from space 116224K, 34% used [0x00000000f1d00000,0x00000000f44005e8,0x00000000f8e80000)
  to   space 116224K, 0% used [0x00000000f8e80000,0x00000000f8e80000,0x0000000100000000)
 ParOldGen       total 529408K, used 379464K [0x00000000c0000000, 0x00000000e0500000, 0x00000000eab00000)
  object space 529408K, 71% used [0x00000000c0000000,0x00000000d72920f0,0x00000000e0500000)
 Metaspace       used 6558K, capacity 7280K, committed 7552K, reserved 1056768K
  class space    used 597K, capacity 616K, committed 640K, reserved 1048576K
Event: 58.799 GC heap after
Heap after GC invocations=29 (full 5):
 PSYoungGen      total 232960K, used 39738K [0x00000000eab00000, 0x0000000100000000, 0x0000000100000000)
  eden space 116736K, 0% used [0x00000000eab00000,0x00000000eab00000,0x00000000f1d00000)
  from space 116224K, 34% used [0x00000000f8e80000,0x00000000fb54e898,0x0000000100000000)
  to   space 116224K, 0% used [0x00000000f1d00000,0x00000000f1d00000,0x00000000f8e80000)
 ParOldGen       total 529408K, used 400667K [0x00000000c0000000, 0x00000000e0500000, 0x00000000eab00000)
  object space 529408K, 75% used [0x00000000c0000000,0x00000000d8746f40,0x00000000e0500000)
 Metaspace       used 6558K, capacity 7280K, committed 7552K, reserved 1056768K
  class space    used 597K, capacity 616K, committed 640K, reserved 1048576K
}
Event: 59.976 GC heap before
{Heap before GC invocations=30 (full 5):
 PSYoungGen      total 232960K, used 156474K [0x00000000eab00000, 0x0000000100000000, 0x0000000100000000)
  eden space 116736K, 100% used [0x00000000eab00000,0x00000000f1d00000,0x00000000f1d00000)
  from space 116224K, 34% used [0x00000000f8e80000,0x00000000fb54e898,0x0000000100000000)
  to   space 116224K, 0% used [0x00000000f1d00000,0x00000000f1d00000,0x00000000f8e80000)
 ParOldGen       total 529408K, used 400667K [0x00000000c0000000, 0x00000000e0500000, 0x00000000eab00000)
  object space 529408K, 75% used [0x00000000c0000000,0x00000000d8746f40,0x00000000e0500000)
 Metaspace       used 6558K, capacity 7280K, committed 7552K, reserved 1056768K
  class space    used 597K, capacity 616K, committed 640K, reserved 1048576K
Event: 60.176 GC heap after
Heap after GC invocations=30 (full 5):
 PSYoungGen      total 232960K, used 21337K [0x00000000eab00000, 0x0000000100000000, 0x0000000100000000)
  eden space 116736K, 0% used [0x00000000eab00000,0x00000000eab00000,0x00000000f1d00000)
  from space 116224K, 18% used [0x00000000f1d00000,0x00000000f31d64a8,0x00000000f8e80000)
  to   space 116224K, 0% used [0x00000000f8e80000,0x00000000f8e80000,0x0000000100000000)
 ParOldGen       total 529408K, used 431163K [0x00000000c0000000, 0x00000000e0500000, 0x00000000eab00000)
  object space 529408K, 81% used [0x00000000c0000000,0x00000000da50ef80,0x00000000e0500000)
 Metaspace       used 6558K, capacity 7280K, committed 7552K, reserved 1056768K
  class space    used 597K, capacity 616K, committed 640K, reserved 1048576K
}
Event: 71.205 GC heap before
{Heap before GC invocations=31 (full 5):
 PSYoungGen      total 232960K, used 138073K [0x00000000eab00000, 0x0000000100000000, 0x0000000100000000)
  eden space 116736K, 100% used [0x00000000eab00000,0x00000000f1d00000,0x00000000f1d00000)
  from space 116224K, 18% used [0x00000000f1d00000,0x00000000f31d64a8,0x00000000f8e80000)
  to   space 116224K, 0% used [0x00000000f8e80000,0x00000000f8e80000,0x0000000100000000)
 ParOldGen       total 529408K, used 431163K [0x00000000c0000000, 0x00000000e0500000, 0x00000000eab00000)
  object space 529408K, 81% used [0x00000000c0000000,0x00000000da50ef80,0x00000000e0500000)
 Metaspace       used 6558K, capacity 7280K, committed 7552K, reserved 1056768K
  class space    used 597K, capacity 616K, committed 640K, reserved 1048576K
Event: 71.409 GC heap after
Heap after GC invocations=31 (full 5):
 PSYoungGen      total 232960K, used 54091K [0x00000000eab00000, 0x0000000100000000, 0x0000000100000000)
  eden space 116736K, 0% used [0x00000000eab00000,0x00000000eab00000,0x00000000f1d00000)
  from space 116224K, 46% used [0x00000000f8e80000,0x00000000fc352fa8,0x0000000100000000)
  to   space 116224K, 0% used [0x00000000f1d00000,0x00000000f1d00000,0x00000000f8e80000)
 ParOldGen       total 529408K, used 449165K [0x00000000c0000000, 0x00000000e0500000, 0x00000000eab00000)
  object space 529408K, 84% used [0x00000000c0000000,0x00000000db6a3590,0x00000000e0500000)
 Metaspace       used 6558K, capacity 7280K, committed 7552K, reserved 1056768K
  class space    used 597K, capacity 616K, committed 640K, reserved 1048576K
}
Event: 72.027 GC heap before
{Heap before GC invocations=32 (full 5):
 PSYoungGen      total 232960K, used 170827K [0x00000000eab00000, 0x0000000100000000, 0x0000000100000000)
  eden space 116736K, 100% used [0x00000000eab00000,0x00000000f1d00000,0x00000000f1d00000)
  from space 116224K, 46% used [0x00000000f8e80000,0x00000000fc352fa8,0x0000000100000000)
  to   space 116224K, 0% used [0x00000000f1d00000,0x00000000f1d00000,0x00000000f8e80000)
 ParOldGen       total 529408K, used 449165K [0x00000000c0000000, 0x00000000e0500000, 0x00000000eab00000)
  object space 529408K, 84% used [0x00000000c0000000,0x00000000db6a3590,0x00000000e0500000)
 Metaspace       used 6558K, capacity 7280K, committed 7552K, reserved 1056768K
  class space    used 597K, capacity 616K, committed 640K, reserved 1048576K
Event: 72.272 GC heap after
Heap after GC invocations=32 (full 5):
 PSYoungGen      total 171008K, used 53894K [0x00000000eab00000, 0x00000000ffb00000, 0x0000000100000000)
  eden space 116736K, 0% used [0x00000000eab00000,0x00000000eab00000,0x00000000f1d00000)
  from space 54272K, 99% used [0x00000000f1d00000,0x00000000f51a1aa0,0x00000000f5200000)
  to   space 113664K, 0% used [0x00000000f8c00000,0x00000000f8c00000,0x00000000ffb00000)
 ParOldGen       total 529408K, used 500837K [0x00000000c0000000, 0x00000000e0500000, 0x00000000eab00000)
  object space 529408K, 94% used [0x00000000c0000000,0x00000000de919698,0x00000000e0500000)
 Metaspace       used 6558K, capacity 7280K, committed 7552K, reserved 1056768K
  class space    used 597K, capacity 616K, committed 640K, reserved 1048576K
}
Event: 72.272 GC heap before
{Heap before GC invocations=33 (full 6):
 PSYoungGen      total 171008K, used 53894K [0x00000000eab00000, 0x00000000ffb00000, 0x0000000100000000)
  eden space 116736K, 0% used [0x00000000eab00000,0x00000000eab00000,0x00000000f1d00000)
  from space 54272K, 99% used [0x00000000f1d00000,0x00000000f51a1aa0,0x00000000f5200000)
  to   space 113664K, 0% used [0x00000000f8c00000,0x00000000f8c00000,0x00000000ffb00000)
 ParOldGen       total 529408K, used 500837K [0x00000000c0000000, 0x00000000e0500000, 0x00000000eab00000)
  object space 529408K, 94% used [0x00000000c0000000,0x00000000de919698,0x00000000e0500000)
 Metaspace       used 6558K, capacity 7280K, committed 7552K, reserved 1056768K
  class space    used 597K, capacity 616K, committed 640K, reserved 1048576K

